1588072100528	mozrunner::runner	INFO	Running command: "/usr/bin/firefox" "-marionette" "-foreground" "-no-remote" "-profile" "/tmp/rust_mozprofileUbjiP4"

(firefox-esr:25891): Gtk-WARNING **: 07:08:20.610: Theme parsing error: gtk.css:2794:15: Not using units is deprecated. Assuming 'px'.
1588072101538	addons.webextension.screenshots@mozilla.org	WARN	Loading extension 'screenshots@mozilla.org': Reading manifest: Invalid extension permission: mozillaAddons
1588072101538	addons.webextension.screenshots@mozilla.org	WARN	Loading extension 'screenshots@mozilla.org': Reading manifest: Invalid extension permission: telemetry
1588072101538	addons.webextension.screenshots@mozilla.org	WARN	Loading extension 'screenshots@mozilla.org': Reading manifest: Invalid extension permission: resource://pdf.js/
1588072101539	addons.webextension.screenshots@mozilla.org	WARN	Loading extension 'screenshots@mozilla.org': Reading manifest: Invalid extension permission: about:reader*
Sandbox: seccomp sandbox violation: pid 25988, tid 25988, syscall 315, args 25988 140511402993216 56 0 38 140511402993216.

(/usr/lib/firefox-esr/firefox-esr:25988): Gtk-WARNING **: 07:08:22.372: Theme parsing error: gtk.css:2794:15: Not using units is deprecated. Assuming 'px'.
JavaScript error: undefined, line 14: Error: An unexpected error occurred
JavaScript error: moz-extension://1b61a14e-b48d-4788-9ba4-74eac4cde7fb/lib/picture_in_picture_overrides.js, line 15: Error: Incorrect argument types for pictureInPictureParent.setOverrides.
Sandbox: seccomp sandbox violation: pid 26012, tid 26012, syscall 315, args 26012 140520693593600 56 0 39 140520693593600.

(/usr/lib/firefox-esr/firefox-esr:26012): Gtk-WARNING **: 07:08:22.548: Theme parsing error: gtk.css:2794:15: Not using units is deprecated. Assuming 'px'.
JavaScript error: resource:///modules/sessionstore/SessionStore.jsm, line 1325: uncaught exception: 2147746065
1588072104860	Marionette	INFO	Listening on port 33347
1588072104946	Marionette	WARN	TLS certificate errors will be ignored for this session
[Parent 25891, Gecko_IOThread] WARNING: pipe error: Broken pipe: file /build/firefox-esr-SNKf5O/firefox-esr-68.7.0esr/ipc/chromium/src/chrome/common/ipc_channel_posix.cc, line 727
1588072118045	Marionette	INFO	Stopped listening on port 33347
1588072164744	mozrunner::runner	INFO	Running command: "/usr/bin/firefox" "-marionette" "-foreground" "-no-remote" "-profile" "/tmp/rust_mozprofileNLtJUW"

(firefox-esr:26145): Gtk-WARNING **: 07:09:24.824: Theme parsing error: gtk.css:2794:15: Not using units is deprecated. Assuming 'px'.
1588072165436	addons.webextension.screenshots@mozilla.org	WARN	Loading extension 'screenshots@mozilla.org': Reading manifest: Invalid extension permission: mozillaAddons
1588072165436	addons.webextension.screenshots@mozilla.org	WARN	Loading extension 'screenshots@mozilla.org': Reading manifest: Invalid extension permission: telemetry
1588072165436	addons.webextension.screenshots@mozilla.org	WARN	Loading extension 'screenshots@mozilla.org': Reading manifest: Invalid extension permission: resource://pdf.js/
1588072165436	addons.webextension.screenshots@mozilla.org	WARN	Loading extension 'screenshots@mozilla.org': Reading manifest: Invalid extension permission: about:reader*
Sandbox: seccomp sandbox violation: pid 26201, tid 26201, syscall 315, args 26201 140063217762944 56 0 52 140063217762944.

(/usr/lib/firefox-esr/firefox-esr:26201): Gtk-WARNING **: 07:09:26.043: Theme parsing error: gtk.css:2794:15: Not using units is deprecated. Assuming 'px'.
Sandbox: seccomp sandbox violation: pid 26225, tid 26225, syscall 315, args 26225 140161886398912 56 0 24 140161886398912.

(/usr/lib/firefox-esr/firefox-esr:26225): Gtk-WARNING **: 07:09:26.167: Theme parsing error: gtk.css:2794:15: Not using units is deprecated. Assuming 'px'.
JavaScript error: undefined, line 14: Error: An unexpected error occurred
JavaScript error: moz-extension://77a3bc1e-79e6-4159-898f-4d8d38e08580/lib/picture_in_picture_overrides.js, line 15: Error: Incorrect argument types for pictureInPictureParent.setOverrides.
JavaScript error: resource:///modules/sessionstore/SessionStore.jsm, line 1325: uncaught exception: 2147746065
1588072167791	Marionette	INFO	Listening on port 46325
1588072167853	Marionette	WARN	TLS certificate errors will be ignored for this session
1588072173076	Marionette	INFO	Stopped listening on port 46325
1588072602448	mozrunner::runner	INFO	Running command: "/usr/bin/firefox" "-marionette" "-foreground" "-no-remote" "-profile" "/tmp/rust_mozprofileidv2FU"

(firefox-esr:26511): Gtk-WARNING **: 07:16:42.531: Theme parsing error: gtk.css:2794:15: Not using units is deprecated. Assuming 'px'.
1588072603325	addons.webextension.screenshots@mozilla.org	WARN	Loading extension 'screenshots@mozilla.org': Reading manifest: Invalid extension permission: mozillaAddons
1588072603325	addons.webextension.screenshots@mozilla.org	WARN	Loading extension 'screenshots@mozilla.org': Reading manifest: Invalid extension permission: telemetry
1588072603325	addons.webextension.screenshots@mozilla.org	WARN	Loading extension 'screenshots@mozilla.org': Reading manifest: Invalid extension permission: resource://pdf.js/
1588072603325	addons.webextension.screenshots@mozilla.org	WARN	Loading extension 'screenshots@mozilla.org': Reading manifest: Invalid extension permission: about:reader*
Sandbox: seccomp sandbox violation: pid 26572, tid 26572, syscall 315, args 26572 140533245879872 56 0 38 140533245879872.

(/usr/lib/firefox-esr/firefox-esr:26572): Gtk-WARNING **: 07:16:43.946: Theme parsing error: gtk.css:2794:15: Not using units is deprecated. Assuming 'px'.
Sandbox: seccomp sandbox violation: pid 26596, tid 26596, syscall 315, args 26596 139725493172672 56 0 24 139725493172672.

(/usr/lib/firefox-esr/firefox-esr:26596): Gtk-WARNING **: 07:16:44.084: Theme parsing error: gtk.css:2794:15: Not using units is deprecated. Assuming 'px'.
JavaScript error: undefined, line 14: Error: An unexpected error occurred
JavaScript error: moz-extension://9c57d0b6-4811-468a-b14b-a00f18e57965/lib/picture_in_picture_overrides.js, line 15: Error: Incorrect argument types for pictureInPictureParent.setOverrides.
JavaScript error: resource:///modules/sessionstore/SessionStore.jsm, line 1325: uncaught exception: 2147746065
1588072605724	Marionette	INFO	Listening on port 41307
1588072605762	Marionette	WARN	TLS certificate errors will be ignored for this session
console.warn: "Error while detaching the thread front: 'detach' request packet to 'server1.conn0.child1/context18' can't be sent as the connection is closed."
IPDL protocol error: Handler returned error code!

###!!! [Parent][DispatchAsyncMessage] Error: PLayerTransaction::Msg_ReleaseLayer Processing error: message was deserialized, but the handler returned false (indicating failure)

IPDL protocol error: Handler returned error code!

###!!! [Parent][DispatchAsyncMessage] Error: PLayerTransaction::Msg_ReleaseLayer Processing error: message was deserialized, but the handler returned false (indicating failure)

IPDL protocol error: Handler returned error code!

###!!! [Parent][DispatchAsyncMessage] Error: PLayerTransaction::Msg_ReleaseLayer Processing error: message was deserialized, but the handler returned false (indicating failure)

IPDL protocol error: Handler returned error code!

###!!! [Parent][DispatchAsyncMessage] Error: PLayerTransaction::Msg_ReleaseLayer Processing error: message was deserialized, but the handler returned false (indicating failure)

IPDL protocol error: Handler returned error code!

###!!! [Parent][DispatchAsyncMessage] Error: PLayerTransaction::Msg_ReleaseLayer Processing error: message was deserialized, but the handler returned false (indicating failure)

1588072853780	Marionette	INFO	Stopped listening on port 41307
1588072855234	mozrunner::runner	INFO	Running command: "/usr/bin/firefox" "-marionette" "-foreground" "-no-remote" "-profile" "/tmp/rust_mozprofileKrqZDs"

(firefox-esr:26811): Gtk-WARNING **: 07:20:55.309: Theme parsing error: gtk.css:2794:15: Not using units is deprecated. Assuming 'px'.
1588072855934	addons.webextension.screenshots@mozilla.org	WARN	Loading extension 'screenshots@mozilla.org': Reading manifest: Invalid extension permission: mozillaAddons
1588072855934	addons.webextension.screenshots@mozilla.org	WARN	Loading extension 'screenshots@mozilla.org': Reading manifest: Invalid extension permission: telemetry
1588072855934	addons.webextension.screenshots@mozilla.org	WARN	Loading extension 'screenshots@mozilla.org': Reading manifest: Invalid extension permission: resource://pdf.js/
1588072855934	addons.webextension.screenshots@mozilla.org	WARN	Loading extension 'screenshots@mozilla.org': Reading manifest: Invalid extension permission: about:reader*
Sandbox: seccomp sandbox violation: pid 26868, tid 26868, syscall 315, args 26868 140337559591360 56 0 24 140337559591360.

(/usr/lib/firefox-esr/firefox-esr:26868): Gtk-WARNING **: 07:20:56.541: Theme parsing error: gtk.css:2794:15: Not using units is deprecated. Assuming 'px'.
Sandbox: seccomp sandbox violation: pid 26892, tid 26892, syscall 315, args 26892 140198216684736 56 0 44 140198216684736.

(/usr/lib/firefox-esr/firefox-esr:26892): Gtk-WARNING **: 07:20:56.672: Theme parsing error: gtk.css:2794:15: Not using units is deprecated. Assuming 'px'.
JavaScript error: undefined, line 14: Error: An unexpected error occurred
JavaScript error: moz-extension://1b5fa4b9-a8c8-4b39-8181-30725c58da0a/lib/picture_in_picture_overrides.js, line 15: Error: Incorrect argument types for pictureInPictureParent.setOverrides.
JavaScript error: resource:///modules/sessionstore/SessionStore.jsm, line 1325: uncaught exception: 2147746065
1588072858265	Marionette	INFO	Listening on port 39263
1588072858349	Marionette	WARN	TLS certificate errors will be ignored for this session
1588072922789	mozrunner::runner	INFO	Running command: "/usr/bin/firefox" "-marionette" "-foreground" "-no-remote" "-profile" "/tmp/rust_mozprofilevSseAs"

(firefox-esr:27011): Gtk-WARNING **: 07:22:02.864: Theme parsing error: gtk.css:2794:15: Not using units is deprecated. Assuming 'px'.
1588072923510	addons.webextension.screenshots@mozilla.org	WARN	Loading extension 'screenshots@mozilla.org': Reading manifest: Invalid extension permission: mozillaAddons
1588072923510	addons.webextension.screenshots@mozilla.org	WARN	Loading extension 'screenshots@mozilla.org': Reading manifest: Invalid extension permission: telemetry
1588072923511	addons.webextension.screenshots@mozilla.org	WARN	Loading extension 'screenshots@mozilla.org': Reading manifest: Invalid extension permission: resource://pdf.js/
1588072923511	addons.webextension.screenshots@mozilla.org	WARN	Loading extension 'screenshots@mozilla.org': Reading manifest: Invalid extension permission: about:reader*
Sandbox: seccomp sandbox violation: pid 27073, tid 27073, syscall 315, args 27073 140173933652416 56 0 24 140173933652416.

(/usr/lib/firefox-esr/firefox-esr:27073): Gtk-WARNING **: 07:22:04.106: Theme parsing error: gtk.css:2794:15: Not using units is deprecated. Assuming 'px'.
JavaScript error: undefined, line 14: Error: An unexpected error occurred
JavaScript error: moz-extension://fb3d5243-2807-45cd-93a2-c09289658257/lib/picture_in_picture_overrides.js, line 15: Error: Incorrect argument types for pictureInPictureParent.setOverrides.
Sandbox: seccomp sandbox violation: pid 27097, tid 27097, syscall 315, args 27097 140700860036288 56 0 44 140700860036288.

(/usr/lib/firefox-esr/firefox-esr:27097): Gtk-WARNING **: 07:22:04.306: Theme parsing error: gtk.css:2794:15: Not using units is deprecated. Assuming 'px'.
JavaScript error: resource:///modules/sessionstore/SessionStore.jsm, line 1325: uncaught exception: 2147746065
1588072925828	Marionette	INFO	Listening on port 43071
1588072925898	Marionette	WARN	TLS certificate errors will be ignored for this session
1588072958497	Marionette	INFO	Stopped listening on port 43071
[Parent 26811, Gecko_IOThread] WARNING: pipe error (72): Connection reset by peer: file /build/firefox-esr-SNKf5O/firefox-esr-68.7.0esr/ipc/chromium/src/chrome/common/ipc_channel_posix.cc, line 358
1588072959281	Marionette	INFO	Stopped listening on port 39263
1588073345007	mozrunner::runner	INFO	Running command: "/usr/bin/firefox" "-marionette" "-foreground" "-no-remote" "-profile" "/tmp/rust_mozprofileGJhPCa"

(firefox-esr:27288): Gtk-WARNING **: 07:29:05.086: Theme parsing error: gtk.css:2794:15: Not using units is deprecated. Assuming 'px'.
1588073345705	addons.webextension.screenshots@mozilla.org	WARN	Loading extension 'screenshots@mozilla.org': Reading manifest: Invalid extension permission: mozillaAddons
1588073345705	addons.webextension.screenshots@mozilla.org	WARN	Loading extension 'screenshots@mozilla.org': Reading manifest: Invalid extension permission: telemetry
1588073345705	addons.webextension.screenshots@mozilla.org	WARN	Loading extension 'screenshots@mozilla.org': Reading manifest: Invalid extension permission: resource://pdf.js/
1588073345705	addons.webextension.screenshots@mozilla.org	WARN	Loading extension 'screenshots@mozilla.org': Reading manifest: Invalid extension permission: about:reader*
Sandbox: seccomp sandbox violation: pid 27349, tid 27349, syscall 315, args 27349 139899193213568 56 0 52 139899193213568.

(/usr/lib/firefox-esr/firefox-esr:27349): Gtk-WARNING **: 07:29:06.310: Theme parsing error: gtk.css:2794:15: Not using units is deprecated. Assuming 'px'.
Sandbox: seccomp sandbox violation: pid 27373, tid 27373, syscall 315, args 27373 140104994847168 56 0 24 140104994847168.

(/usr/lib/firefox-esr/firefox-esr:27373): Gtk-WARNING **: 07:29:06.442: Theme parsing error: gtk.css:2794:15: Not using units is deprecated. Assuming 'px'.
JavaScript error: undefined, line 14: Error: An unexpected error occurred
JavaScript error: moz-extension://3efabe68-9e68-497a-8adc-70f80181fbda/lib/picture_in_picture_overrides.js, line 15: Error: Incorrect argument types for pictureInPictureParent.setOverrides.
JavaScript error: resource:///modules/sessionstore/SessionStore.jsm, line 1325: uncaught exception: 2147746065
1588073348055	Marionette	INFO	Listening on port 35891
1588073348116	Marionette	WARN	TLS certificate errors will be ignored for this session
Exiting due to channel error.
Exiting due to channel error.
[Child 27373, Chrome_ChildThread] WARNING: pipe error (3): Connection reset by peer: file /build/firefox-esr-SNKf5O/firefox-esr-68.7.0esr/ipc/chromium/src/chrome/common/ipc_channel_posix.cc, line 358
Exiting due to channel error.
1588073648666	mozrunner::runner	INFO	Running command: "/usr/bin/firefox" "-marionette" "-foreground" "-no-remote" "-profile" "/tmp/rust_mozprofileBLYEoi"

(firefox-esr:27547): Gtk-WARNING **: 07:34:08.744: Theme parsing error: gtk.css:2794:15: Not using units is deprecated. Assuming 'px'.
1588073649363	addons.webextension.screenshots@mozilla.org	WARN	Loading extension 'screenshots@mozilla.org': Reading manifest: Invalid extension permission: mozillaAddons
1588073649363	addons.webextension.screenshots@mozilla.org	WARN	Loading extension 'screenshots@mozilla.org': Reading manifest: Invalid extension permission: telemetry
1588073649364	addons.webextension.screenshots@mozilla.org	WARN	Loading extension 'screenshots@mozilla.org': Reading manifest: Invalid extension permission: resource://pdf.js/
1588073649364	addons.webextension.screenshots@mozilla.org	WARN	Loading extension 'screenshots@mozilla.org': Reading manifest: Invalid extension permission: about:reader*
Sandbox: seccomp sandbox violation: pid 27610, tid 27610, syscall 315, args 27610 140705424160320 56 0 38 140705424160320.

(/usr/lib/firefox-esr/firefox-esr:27610): Gtk-WARNING **: 07:34:09.977: Theme parsing error: gtk.css:2794:15: Not using units is deprecated. Assuming 'px'.
Sandbox: seccomp sandbox violation: pid 27634, tid 27634, syscall 315, args 27634 139912632568256 56 0 24 139912632568256.

(/usr/lib/firefox-esr/firefox-esr:27634): Gtk-WARNING **: 07:34:10.108: Theme parsing error: gtk.css:2794:15: Not using units is deprecated. Assuming 'px'.
JavaScript error: undefined, line 14: Error: An unexpected error occurred
JavaScript error: moz-extension://e323fbf3-7d1a-45c6-8e45-f2c52d15f1b5/lib/picture_in_picture_overrides.js, line 15: Error: Incorrect argument types for pictureInPictureParent.setOverrides.
JavaScript error: resource:///modules/sessionstore/SessionStore.jsm, line 1325: uncaught exception: 2147746065
1588073651729	Marionette	INFO	Listening on port 41351
1588073651774	Marionette	WARN	TLS certificate errors will be ignored for this session
Exiting due to channel error.
[Child 27634, Chrome_ChildThread] WARNING: pipe error (3): Connection reset by peer: file /build/firefox-esr-SNKf5O/firefox-esr-68.7.0esr/ipc/chromium/src/chrome/common/ipc_channel_posix.cc, line 358
Exiting due to channel error.
Exiting due to channel error.
1588073722542	mozrunner::runner	INFO	Running command: "/usr/bin/firefox" "-marionette" "-foreground" "-no-remote" "-profile" "/tmp/rust_mozprofile0QNrO7"

(firefox-esr:27760): Gtk-WARNING **: 07:35:22.622: Theme parsing error: gtk.css:2794:15: Not using units is deprecated. Assuming 'px'.
1588073723286	addons.webextension.screenshots@mozilla.org	WARN	Loading extension 'screenshots@mozilla.org': Reading manifest: Invalid extension permission: mozillaAddons
1588073723286	addons.webextension.screenshots@mozilla.org	WARN	Loading extension 'screenshots@mozilla.org': Reading manifest: Invalid extension permission: telemetry
1588073723287	addons.webextension.screenshots@mozilla.org	WARN	Loading extension 'screenshots@mozilla.org': Reading manifest: Invalid extension permission: resource://pdf.js/
1588073723287	addons.webextension.screenshots@mozilla.org	WARN	Loading extension 'screenshots@mozilla.org': Reading manifest: Invalid extension permission: about:reader*
Sandbox: seccomp sandbox violation: pid 27822, tid 27822, syscall 315, args 27822 140584047673984 56 0 52 140584047673984.

(/usr/lib/firefox-esr/firefox-esr:27822): Gtk-WARNING **: 07:35:23.894: Theme parsing error: gtk.css:2794:15: Not using units is deprecated. Assuming 'px'.
Sandbox: seccomp sandbox violation: pid 27846, tid 27846, syscall 315, args 27846 140036856415296 56 0 46 140036856415296.

(/usr/lib/firefox-esr/firefox-esr:27846): Gtk-WARNING **: 07:35:24.024: Theme parsing error: gtk.css:2794:15: Not using units is deprecated. Assuming 'px'.
JavaScript error: undefined, line 14: Error: An unexpected error occurred
JavaScript error: moz-extension://9e4b99cd-f8cd-4280-9906-3e895fdd88e6/lib/picture_in_picture_overrides.js, line 15: Error: Incorrect argument types for pictureInPictureParent.setOverrides.
JavaScript error: resource:///modules/sessionstore/SessionStore.jsm, line 1325: uncaught exception: 2147746065
1588073725654	Marionette	INFO	Listening on port 41881
1588073725752	Marionette	WARN	TLS certificate errors will be ignored for this session

(firefox-esr:27760): GLib-GObject-CRITICAL **: 07:35:37.938: g_type_add_interface_static: assertion 'g_type_parent (interface_type) == G_TYPE_INTERFACE' failed

(firefox-esr:27760): GLib-GObject-CRITICAL **: 07:35:37.938: g_type_add_interface_static: assertion 'g_type_parent (interface_type) == G_TYPE_INTERFACE' failed

(firefox-esr:27760): GLib-GObject-CRITICAL **: 07:35:37.938: g_type_add_interface_static: assertion 'g_type_parent (interface_type) == G_TYPE_INTERFACE' failed

(firefox-esr:27760): GLib-GObject-CRITICAL **: 07:35:37.938: g_type_add_interface_static: assertion 'g_type_parent (interface_type) == G_TYPE_INTERFACE' failed

(firefox-esr:27760): GLib-GObject-CRITICAL **: 07:35:37.938: g_type_add_interface_static: assertion 'g_type_parent (interface_type) == G_TYPE_INTERFACE' failed

(firefox-esr:27760): GLib-GObject-CRITICAL **: 07:35:37.938: g_type_add_interface_static: assertion 'g_type_parent (interface_type) == G_TYPE_INTERFACE' failed

(firefox-esr:27760): GLib-GObject-CRITICAL **: 07:35:37.938: g_type_add_interface_static: assertion 'g_type_parent (interface_type) == G_TYPE_INTERFACE' failed
Exiting due to channel error.
[GFX1-]: Receive IPC close with reason=AbnormalShutdown
[Child 27822, Chrome_ChildThread] WARNING: pipe error (3): Connection reset by peer: file /build/firefox-esr-SNKf5O/firefox-esr-68.7.0esr/ipc/chromium/src/chrome/common/ipc_channel_posix.cc, line 358
Exiting due to channel error.
Exiting due to channel error.
1588074147026	mozrunner::runner	INFO	Running command: "/usr/bin/firefox" "-marionette" "-foreground" "-no-remote" "-profile" "/tmp/rust_mozprofilehSnMpq"

(firefox-esr:28058): Gtk-WARNING **: 07:42:27.105: Theme parsing error: gtk.css:2794:15: Not using units is deprecated. Assuming 'px'.
1588074147766	addons.webextension.screenshots@mozilla.org	WARN	Loading extension 'screenshots@mozilla.org': Reading manifest: Invalid extension permission: mozillaAddons
1588074147766	addons.webextension.screenshots@mozilla.org	WARN	Loading extension 'screenshots@mozilla.org': Reading manifest: Invalid extension permission: telemetry
1588074147767	addons.webextension.screenshots@mozilla.org	WARN	Loading extension 'screenshots@mozilla.org': Reading manifest: Invalid extension permission: resource://pdf.js/
1588074147767	addons.webextension.screenshots@mozilla.org	WARN	Loading extension 'screenshots@mozilla.org': Reading manifest: Invalid extension permission: about:reader*
Sandbox: seccomp sandbox violation: pid 28121, tid 28121, syscall 315, args 28121 139981393293952 56 0 52 139981393293952.

(/usr/lib/firefox-esr/firefox-esr:28121): Gtk-WARNING **: 07:42:28.375: Theme parsing error: gtk.css:2794:15: Not using units is deprecated. Assuming 'px'.
Sandbox: seccomp sandbox violation: pid 28145, tid 28145, syscall 315, args 28145 140332071332288 56 0 24 140332071332288.

(/usr/lib/firefox-esr/firefox-esr:28145): Gtk-WARNING **: 07:42:28.513: Theme parsing error: gtk.css:2794:15: Not using units is deprecated. Assuming 'px'.
JavaScript error: undefined, line 14: Error: An unexpected error occurred
JavaScript error: moz-extension://08dfaf27-ba44-4631-8fdb-07de3a226a0d/lib/picture_in_picture_overrides.js, line 15: Error: Incorrect argument types for pictureInPictureParent.setOverrides.
JavaScript error: resource:///modules/sessionstore/SessionStore.jsm, line 1325: uncaught exception: 2147746065
1588074150309	Marionette	INFO	Listening on port 37001
1588074150347	Marionette	WARN	TLS certificate errors will be ignored for this session
Exiting due to channel error.
[GFX1-]: Receive IPC close with reason=AbnormalShutdown
Exiting due to channel error.
[Child 28145, Chrome_ChildThread] WARNING: pipe error: Broken pipe: file /build/firefox-esr-SNKf5O/firefox-esr-68.7.0esr/ipc/chromium/src/chrome/common/ipc_channel_posix.cc, line 727
Exiting due to channel error.
1588074291990	mozrunner::runner	INFO	Running command: "/usr/bin/firefox" "-marionette" "-foreground" "-no-remote" "-profile" "/tmp/rust_mozprofileqd7k6X"

(firefox-esr:28278): Gtk-WARNING **: 07:44:52.068: Theme parsing error: gtk.css:2794:15: Not using units is deprecated. Assuming 'px'.
1588074292659	addons.webextension.screenshots@mozilla.org	WARN	Loading extension 'screenshots@mozilla.org': Reading manifest: Invalid extension permission: mozillaAddons
1588074292659	addons.webextension.screenshots@mozilla.org	WARN	Loading extension 'screenshots@mozilla.org': Reading manifest: Invalid extension permission: telemetry
1588074292659	addons.webextension.screenshots@mozilla.org	WARN	Loading extension 'screenshots@mozilla.org': Reading manifest: Invalid extension permission: resource://pdf.js/
1588074292659	addons.webextension.screenshots@mozilla.org	WARN	Loading extension 'screenshots@mozilla.org': Reading manifest: Invalid extension permission: about:reader*
Sandbox: seccomp sandbox violation: pid 28342, tid 28342, syscall 315, args 28342 140654834558528 56 0 38 140654834558528.

(/usr/lib/firefox-esr/firefox-esr:28342): Gtk-WARNING **: 07:44:53.255: Theme parsing error: gtk.css:2794:15: Not using units is deprecated. Assuming 'px'.
Sandbox: seccomp sandbox violation: pid 28366, tid 28366, syscall 315, args 28366 140439027397696 56 0 46 140439027397696.

(/usr/lib/firefox-esr/firefox-esr:28366): Gtk-WARNING **: 07:44:53.391: Theme parsing error: gtk.css:2794:15: Not using units is deprecated. Assuming 'px'.
JavaScript error: undefined, line 14: Error: An unexpected error occurred
JavaScript error: moz-extension://c5f9ea9a-003c-4ab5-902f-335f5179c7d9/lib/picture_in_picture_overrides.js, line 15: Error: Incorrect argument types for pictureInPictureParent.setOverrides.
JavaScript error: resource:///modules/sessionstore/SessionStore.jsm, line 1325: uncaught exception: 2147746065
1588074295025	Marionette	INFO	Listening on port 33497
1588074295098	Marionette	WARN	TLS certificate errors will be ignored for this session
Exiting due to channel error.
Exiting due to channel error.
Exiting due to channel error.
1588074332692	mozrunner::runner	INFO	Running command: "/usr/bin/firefox" "-marionette" "-foreground" "-no-remote" "-profile" "/tmp/rust_mozprofilexHzh4p"

(firefox-esr:28488): Gtk-WARNING **: 07:45:32.774: Theme parsing error: gtk.css:2794:15: Not using units is deprecated. Assuming 'px'.
1588074333400	addons.webextension.screenshots@mozilla.org	WARN	Loading extension 'screenshots@mozilla.org': Reading manifest: Invalid extension permission: mozillaAddons
1588074333400	addons.webextension.screenshots@mozilla.org	WARN	Loading extension 'screenshots@mozilla.org': Reading manifest: Invalid extension permission: telemetry
1588074333400	addons.webextension.screenshots@mozilla.org	WARN	Loading extension 'screenshots@mozilla.org': Reading manifest: Invalid extension permission: resource://pdf.js/
1588074333400	addons.webextension.screenshots@mozilla.org	WARN	Loading extension 'screenshots@mozilla.org': Reading manifest: Invalid extension permission: about:reader*
Sandbox: seccomp sandbox violation: pid 28547, tid 28547, syscall 315, args 28547 140582886789760 56 0 52 140582886789760.

(/usr/lib/firefox-esr/firefox-esr:28547): Gtk-WARNING **: 07:45:33.997: Theme parsing error: gtk.css:2794:15: Not using units is deprecated. Assuming 'px'.
Sandbox: seccomp sandbox violation: pid 28571, tid 28571, syscall 315, args 28571 139815556409792 56 0 24 139815556409792.

(/usr/lib/firefox-esr/firefox-esr:28571): Gtk-WARNING **: 07:45:34.135: Theme parsing error: gtk.css:2794:15: Not using units is deprecated. Assuming 'px'.
JavaScript error: undefined, line 14: Error: An unexpected error occurred
JavaScript error: moz-extension://d2ab2e5b-8d2f-4b6b-afab-93b078b4d0f1/lib/picture_in_picture_overrides.js, line 15: Error: Incorrect argument types for pictureInPictureParent.setOverrides.
JavaScript error: resource:///modules/sessionstore/SessionStore.jsm, line 1325: uncaught exception: 2147746065
1588074335801	Marionette	INFO	Listening on port 45557
1588074335902	Marionette	WARN	TLS certificate errors will be ignored for this session
Exiting due to channel error.
[GFX1-]: Receive IPC close with reason=AbnormalShutdown
Exiting due to channel error.
[Child 28571, Chrome_ChildThread] WARNING: pipe error: Broken pipe: file /build/firefox-esr-SNKf5O/firefox-esr-68.7.0esr/ipc/chromium/src/chrome/common/ipc_channel_posix.cc, line 727
[Child 28571, Chrome_ChildThread] WARNING: pipe error (3): Connection reset by peer: file /build/firefox-esr-SNKf5O/firefox-esr-68.7.0esr/ipc/chromium/src/chrome/common/ipc_channel_posix.cc, line 358
Exiting due to channel error.
1588075336022	mozrunner::runner	INFO	Running command: "/usr/bin/firefox" "-marionette" "-foreground" "-no-remote" "-profile" "/tmp/rust_mozprofileykjpXZ"

(firefox-esr:28846): Gtk-WARNING **: 08:02:16.102: Theme parsing error: gtk.css:2794:15: Not using units is deprecated. Assuming 'px'.
1588075336705	addons.webextension.screenshots@mozilla.org	WARN	Loading extension 'screenshots@mozilla.org': Reading manifest: Invalid extension permission: mozillaAddons
1588075336705	addons.webextension.screenshots@mozilla.org	WARN	Loading extension 'screenshots@mozilla.org': Reading manifest: Invalid extension permission: telemetry
1588075336706	addons.webextension.screenshots@mozilla.org	WARN	Loading extension 'screenshots@mozilla.org': Reading manifest: Invalid extension permission: resource://pdf.js/
1588075336706	addons.webextension.screenshots@mozilla.org	WARN	Loading extension 'screenshots@mozilla.org': Reading manifest: Invalid extension permission: about:reader*
Sandbox: seccomp sandbox violation: pid 28908, tid 28908, syscall 315, args 28908 140399804074432 56 0 24 140399804074432.

(/usr/lib/firefox-esr/firefox-esr:28908): Gtk-WARNING **: 08:02:17.302: Theme parsing error: gtk.css:2794:15: Not using units is deprecated. Assuming 'px'.
Sandbox: seccomp sandbox violation: pid 28932, tid 28932, syscall 315, args 28932 140098112050688 56 0 39 140098112050688.

(/usr/lib/firefox-esr/firefox-esr:28932): Gtk-WARNING **: 08:02:17.431: Theme parsing error: gtk.css:2794:15: Not using units is deprecated. Assuming 'px'.
JavaScript error: undefined, line 14: Error: An unexpected error occurred
JavaScript error: moz-extension://3c505161-f0fd-4299-aaea-73cd52e721e4/lib/picture_in_picture_overrides.js, line 15: Error: Incorrect argument types for pictureInPictureParent.setOverrides.
JavaScript error: resource:///modules/sessionstore/SessionStore.jsm, line 1325: uncaught exception: 2147746065
1588075339017	Marionette	INFO	Listening on port 42829
1588075339032	Marionette	WARN	TLS certificate errors will be ignored for this session
Exiting due to channel error.
[GFX1-]: Receive IPC close with reason=AbnormalShutdown
[Child 28932, Chrome_ChildThread] WARNING: pipe error (3): Connection reset by peer: file /build/firefox-esr-SNKf5O/firefox-esr-68.7.0esr/ipc/chromium/src/chrome/common/ipc_channel_posix.cc, line 358
Exiting due to channel error.
[GFX1-]: Receive IPC close with reason=AbnormalShutdown
[Child 28908, Chrome_ChildThread] WARNING: pipe error (3): Connection reset by peer: file /build/firefox-esr-SNKf5O/firefox-esr-68.7.0esr/ipc/chromium/src/chrome/common/ipc_channel_posix.cc, line 358
Exiting due to channel error.
1588085085635	mozrunner::runner	INFO	Running command: "/usr/bin/firefox" "-marionette" "-foreground" "-no-remote" "-profile" "/tmp/rust_mozprofileuDuaai"

(firefox-esr:30133): Gtk-WARNING **: 10:44:45.719: Theme parsing error: gtk.css:2794:15: Not using units is deprecated. Assuming 'px'.
1588085086315	addons.webextension.screenshots@mozilla.org	WARN	Loading extension 'screenshots@mozilla.org': Reading manifest: Invalid extension permission: mozillaAddons
1588085086315	addons.webextension.screenshots@mozilla.org	WARN	Loading extension 'screenshots@mozilla.org': Reading manifest: Invalid extension permission: telemetry
1588085086315	addons.webextension.screenshots@mozilla.org	WARN	Loading extension 'screenshots@mozilla.org': Reading manifest: Invalid extension permission: resource://pdf.js/
1588085086315	addons.webextension.screenshots@mozilla.org	WARN	Loading extension 'screenshots@mozilla.org': Reading manifest: Invalid extension permission: about:reader*
Sandbox: seccomp sandbox violation: pid 30196, tid 30196, syscall 315, args 30196 140527879267904 56 0 38 140527879267904.

(/usr/lib/firefox-esr/firefox-esr:30196): Gtk-WARNING **: 10:44:46.889: Theme parsing error: gtk.css:2794:15: Not using units is deprecated. Assuming 'px'.
Sandbox: seccomp sandbox violation: pid 30220, tid 30220, syscall 315, args 30220 139837664557504 56 0 24 139837664557504.

(/usr/lib/firefox-esr/firefox-esr:30220): Gtk-WARNING **: 10:44:47.016: Theme parsing error: gtk.css:2794:15: Not using units is deprecated. Assuming 'px'.
JavaScript error: undefined, line 14: Error: An unexpected error occurred
JavaScript error: moz-extension://8b0e9f76-3ae6-453e-b0d8-c587e8ca8a5c/lib/picture_in_picture_overrides.js, line 15: Error: Incorrect argument types for pictureInPictureParent.setOverrides.
JavaScript error: resource:///modules/sessionstore/SessionStore.jsm, line 1325: uncaught exception: 2147746065
1588085088672	Marionette	INFO	Listening on port 40125
1588085088745	Marionette	WARN	TLS certificate errors will be ignored for this session
1588085110379	mozrunner::runner	INFO	Running command: "/usr/bin/firefox" "-marionette" "-foreground" "-no-remote" "-profile" "/tmp/rust_mozprofileY4WUZZ"

(firefox-esr:30330): Gtk-WARNING **: 10:45:10.460: Theme parsing error: gtk.css:2794:15: Not using units is deprecated. Assuming 'px'.
1588085111041	addons.webextension.screenshots@mozilla.org	WARN	Loading extension 'screenshots@mozilla.org': Reading manifest: Invalid extension permission: mozillaAddons
1588085111042	addons.webextension.screenshots@mozilla.org	WARN	Loading extension 'screenshots@mozilla.org': Reading manifest: Invalid extension permission: telemetry
1588085111042	addons.webextension.screenshots@mozilla.org	WARN	Loading extension 'screenshots@mozilla.org': Reading manifest: Invalid extension permission: resource://pdf.js/
1588085111042	addons.webextension.screenshots@mozilla.org	WARN	Loading extension 'screenshots@mozilla.org': Reading manifest: Invalid extension permission: about:reader*
Sandbox: seccomp sandbox violation: pid 30388, tid 30388, syscall 315, args 30388 140114879111808 56 0 52 140114879111808.

(/usr/lib/firefox-esr/firefox-esr:30388): Gtk-WARNING **: 10:45:11.650: Theme parsing error: gtk.css:2794:15: Not using units is deprecated. Assuming 'px'.
Sandbox: seccomp sandbox violation: pid 30412, tid 30412, syscall 315, args 30412 139871462544000 56 0 52 139871462544000.

(/usr/lib/firefox-esr/firefox-esr:30412): Gtk-WARNING **: 10:45:11.786: Theme parsing error: gtk.css:2794:15: Not using units is deprecated. Assuming 'px'.
JavaScript error: undefined, line 14: Error: An unexpected error occurred
JavaScript error: moz-extension://6e299506-d7ba-4add-9dce-064b82d5db3d/lib/picture_in_picture_overrides.js, line 15: Error: Incorrect argument types for pictureInPictureParent.setOverrides.
JavaScript error: resource:///modules/sessionstore/SessionStore.jsm, line 1325: uncaught exception: 2147746065
1588085113403	Marionette	INFO	Listening on port 40129
1588085113488	Marionette	WARN	TLS certificate errors will be ignored for this session
Exiting due to channel error.
Exiting due to channel error.
Exiting due to channel error.
Sandbox: seccomp sandbox violation: pid 30271, tid 30271, syscall 315, args 30271 140405209826752 56 0 40 140405209826752.

(/usr/lib/firefox-esr/firefox-esr:30271): Gtk-WARNING **: 10:46:07.578: Theme parsing error: gtk.css:2794:15: Not using units is deprecated. Assuming 'px'.
Sandbox: seccomp sandbox violation: pid 30522, tid 30522, syscall 315, args 30522 139758535205312 56 0 55 139758535205312.

(/usr/lib/firefox-esr/firefox-esr:30522): Gtk-WARNING **: 10:46:18.166: Theme parsing error: gtk.css:2794:15: Not using units is deprecated. Assuming 'px'.
1588085312203	mozrunner::runner	INFO	Running command: "/usr/bin/firefox" "-marionette" "-foreground" "-no-remote" "-profile" "/tmp/rust_mozprofilesh2OOm"

(firefox-esr:30635): Gtk-WARNING **: 10:48:32.289: Theme parsing error: gtk.css:2794:15: Not using units is deprecated. Assuming 'px'.
1588085312875	addons.webextension.screenshots@mozilla.org	WARN	Loading extension 'screenshots@mozilla.org': Reading manifest: Invalid extension permission: mozillaAddons
1588085312875	addons.webextension.screenshots@mozilla.org	WARN	Loading extension 'screenshots@mozilla.org': Reading manifest: Invalid extension permission: telemetry
1588085312875	addons.webextension.screenshots@mozilla.org	WARN	Loading extension 'screenshots@mozilla.org': Reading manifest: Invalid extension permission: resource://pdf.js/
1588085312875	addons.webextension.screenshots@mozilla.org	WARN	Loading extension 'screenshots@mozilla.org': Reading manifest: Invalid extension permission: about:reader*
Sandbox: seccomp sandbox violation: pid 30698, tid 30698, syscall 315, args 30698 140025829496384 56 0 38 140025829496384.

(/usr/lib/firefox-esr/firefox-esr:30698): Gtk-WARNING **: 10:48:33.458: Theme parsing error: gtk.css:2794:15: Not using units is deprecated. Assuming 'px'.
Sandbox: seccomp sandbox violation: pid 30722, tid 30722, syscall 315, args 30722 140403620156608 56 0 44 140403620156608.

(/usr/lib/firefox-esr/firefox-esr:30722): Gtk-WARNING **: 10:48:33.600: Theme parsing error: gtk.css:2794:15: Not using units is deprecated. Assuming 'px'.
JavaScript error: undefined, line 14: Error: An unexpected error occurred
JavaScript error: moz-extension://d7f7cf09-5b43-4e36-b34e-73900815dd56/lib/picture_in_picture_overrides.js, line 15: Error: Incorrect argument types for pictureInPictureParent.setOverrides.
JavaScript error: resource:///modules/sessionstore/SessionStore.jsm, line 1325: uncaught exception: 2147746065
1588085315173	Marionette	INFO	Listening on port 42779
1588085315220	Marionette	WARN	TLS certificate errors will be ignored for this session
Exiting due to channel error.
Exiting due to channel error.
Exiting due to channel error.
1588086286702	mozrunner::runner	INFO	Running command: "/usr/bin/firefox" "-marionette" "-foreground" "-no-remote" "-profile" "/tmp/rust_mozprofile5wlPrv"

(firefox-esr:30956): Gtk-WARNING **: 11:04:46.798: Theme parsing error: gtk.css:2794:15: Not using units is deprecated. Assuming 'px'.
1588086287405	addons.webextension.screenshots@mozilla.org	WARN	Loading extension 'screenshots@mozilla.org': Reading manifest: Invalid extension permission: mozillaAddons
1588086287405	addons.webextension.screenshots@mozilla.org	WARN	Loading extension 'screenshots@mozilla.org': Reading manifest: Invalid extension permission: telemetry
1588086287405	addons.webextension.screenshots@mozilla.org	WARN	Loading extension 'screenshots@mozilla.org': Reading manifest: Invalid extension permission: resource://pdf.js/
1588086287405	addons.webextension.screenshots@mozilla.org	WARN	Loading extension 'screenshots@mozilla.org': Reading manifest: Invalid extension permission: about:reader*
Sandbox: seccomp sandbox violation: pid 31019, tid 31019, syscall 315, args 31019 140186674734656 56 0 38 140186674734656.

(/usr/lib/firefox-esr/firefox-esr:31019): Gtk-WARNING **: 11:04:47.982: Theme parsing error: gtk.css:2794:15: Not using units is deprecated. Assuming 'px'.
Sandbox: seccomp sandbox violation: pid 31043, tid 31043, syscall 315, args 31043 139985059103872 56 0 45 139985059103872.
JavaScript error: undefined, line 14: Error: An unexpected error occurred

(/usr/lib/firefox-esr/firefox-esr:31043): Gtk-WARNING **: 11:04:48.142: Theme parsing error: gtk.css:2794:15: Not using units is deprecated. Assuming 'px'.
JavaScript error: moz-extension://e0ccca55-11f2-46ac-a135-c9fe112a55c8/lib/picture_in_picture_overrides.js, line 15: Error: Incorrect argument types for pictureInPictureParent.setOverrides.
JavaScript error: resource:///modules/sessionstore/SessionStore.jsm, line 1325: uncaught exception: 2147746065
1588086289704	Marionette	INFO	Listening on port 43113
1588086289715	Marionette	WARN	TLS certificate errors will be ignored for this session
Exiting due to channel error.
Exiting due to channel error.
[GFX1-]: Receive IPC close with reason=AbnormalShutdown
[Child 31019, Chrome_ChildThread] WARNING: pipe error (3): Connection reset by peer: file /build/firefox-esr-SNKf5O/firefox-esr-68.7.0esr/ipc/chromium/src/chrome/common/ipc_channel_posix.cc, line 358
Exiting due to channel error.
1588086379293	mozrunner::runner	INFO	Running command: "/usr/bin/firefox" "-marionette" "-foreground" "-no-remote" "-profile" "/tmp/rust_mozprofilepJStcY"

(firefox-esr:31161): Gtk-WARNING **: 11:06:19.372: Theme parsing error: gtk.css:2794:15: Not using units is deprecated. Assuming 'px'.
1588086379944	addons.webextension.screenshots@mozilla.org	WARN	Loading extension 'screenshots@mozilla.org': Reading manifest: Invalid extension permission: mozillaAddons
1588086379944	addons.webextension.screenshots@mozilla.org	WARN	Loading extension 'screenshots@mozilla.org': Reading manifest: Invalid extension permission: telemetry
1588086379944	addons.webextension.screenshots@mozilla.org	WARN	Loading extension 'screenshots@mozilla.org': Reading manifest: Invalid extension permission: resource://pdf.js/
1588086379945	addons.webextension.screenshots@mozilla.org	WARN	Loading extension 'screenshots@mozilla.org': Reading manifest: Invalid extension permission: about:reader*
Sandbox: seccomp sandbox violation: pid 31223, tid 31223, syscall 315, args 31223 140504467708352 56 0 24 140504467708352.

(/usr/lib/firefox-esr/firefox-esr:31223): Gtk-WARNING **: 11:06:20.532: Theme parsing error: gtk.css:2794:15: Not using units is deprecated. Assuming 'px'.
Sandbox: seccomp sandbox violation: pid 31247, tid 31247, syscall 315, args 31247 140263248286784 56 0 46 140263248286784.

(/usr/lib/firefox-esr/firefox-esr:31247): Gtk-WARNING **: 11:06:20.665: Theme parsing error: gtk.css:2794:15: Not using units is deprecated. Assuming 'px'.
JavaScript error: undefined, line 14: Error: An unexpected error occurred
JavaScript error: moz-extension://b3e911dd-8c10-4d70-915d-bf59a5c0657e/lib/picture_in_picture_overrides.js, line 15: Error: Incorrect argument types for pictureInPictureParent.setOverrides.
JavaScript error: resource:///modules/sessionstore/SessionStore.jsm, line 1325: uncaught exception: 2147746065
1588086382246	Marionette	INFO	Listening on port 44437
1588086382301	Marionette	WARN	TLS certificate errors will be ignored for this session
[Child 31247, Chrome_ChildThread] WARNING: pipe error (3): Connection reset by peer: file /build/firefox-esr-SNKf5O/firefox-esr-68.7.0esr/ipc/chromium/src/chrome/common/ipc_channel_posix.cc, line 358
Exiting due to channel error.
Exiting due to channel error.
Exiting due to channel error.
console.warn: "Error while detaching the thread front: 'detach' request packet to 'server1.conn0.child1/context18' can't be sent as the connection is closed."
Sandbox: seccomp sandbox violation: pid 30559, tid 30559, syscall 315, args 30559 140075865435328 56 0 12 140075865435328.

(/usr/lib/firefox-esr/firefox-esr:30559): Gtk-WARNING **: 11:15:16.087: Theme parsing error: gtk.css:2794:15: Not using units is deprecated. Assuming 'px'.
1588087001890	mozrunner::runner	INFO	Running command: "/usr/bin/firefox" "-marionette" "-foreground" "-no-remote" "-profile" "/tmp/rust_mozprofilesWMUK6"

(firefox-esr:31502): Gtk-WARNING **: 11:16:41.989: Theme parsing error: gtk.css:2794:15: Not using units is deprecated. Assuming 'px'.
1588087002607	addons.webextension.screenshots@mozilla.org	WARN	Loading extension 'screenshots@mozilla.org': Reading manifest: Invalid extension permission: mozillaAddons
1588087002607	addons.webextension.screenshots@mozilla.org	WARN	Loading extension 'screenshots@mozilla.org': Reading manifest: Invalid extension permission: telemetry
1588087002608	addons.webextension.screenshots@mozilla.org	WARN	Loading extension 'screenshots@mozilla.org': Reading manifest: Invalid extension permission: resource://pdf.js/
1588087002608	addons.webextension.screenshots@mozilla.org	WARN	Loading extension 'screenshots@mozilla.org': Reading manifest: Invalid extension permission: about:reader*
Sandbox: seccomp sandbox violation: pid 31567, tid 31567, syscall 315, args 31567 139821186233920 56 0 38 139821186233920.

(/usr/lib/firefox-esr/firefox-esr:31567): Gtk-WARNING **: 11:16:43.204: Theme parsing error: gtk.css:2794:15: Not using units is deprecated. Assuming 'px'.
Sandbox: seccomp sandbox violation: pid 31591, tid 31591, syscall 315, args 31591 139697996610176 56 0 21 139697996610176.

(/usr/lib/firefox-esr/firefox-esr:31591): Gtk-WARNING **: 11:16:43.338: Theme parsing error: gtk.css:2794:15: Not using units is deprecated. Assuming 'px'.
JavaScript error: undefined, line 14: Error: An unexpected error occurred
JavaScript error: moz-extension://514f6e28-922c-4087-afa2-9f8cf1ed8e80/lib/picture_in_picture_overrides.js, line 15: Error: Incorrect argument types for pictureInPictureParent.setOverrides.
JavaScript error: resource:///modules/sessionstore/SessionStore.jsm, line 1325: uncaught exception: 2147746065
1588087004967	Marionette	INFO	Listening on port 44481
1588087004998	Marionette	WARN	TLS certificate errors will be ignored for this session
Exiting due to channel error.
[Child 31591, Chrome_ChildThread] WARNING: pipe error (3): Connection reset by peer: file /build/firefox-esr-SNKf5O/firefox-esr-68.7.0esr/ipc/chromium/src/chrome/common/ipc_channel_posix.cc, line 358
Exiting due to channel error.
Exiting due to channel error.
1588087077948	Marionette	INFO	Stopped listening on port 40125
1588087370327	mozrunner::runner	INFO	Running command: "/usr/bin/firefox" "-marionette" "-foreground" "-no-remote" "-profile" "/tmp/rust_mozprofileCGPCux"

(firefox-esr:32057): Gtk-WARNING **: 11:22:50.405: Theme parsing error: gtk.css:2794:15: Not using units is deprecated. Assuming 'px'.
1588087371012	addons.webextension.screenshots@mozilla.org	WARN	Loading extension 'screenshots@mozilla.org': Reading manifest: Invalid extension permission: mozillaAddons
1588087371012	addons.webextension.screenshots@mozilla.org	WARN	Loading extension 'screenshots@mozilla.org': Reading manifest: Invalid extension permission: telemetry
1588087371012	addons.webextension.screenshots@mozilla.org	WARN	Loading extension 'screenshots@mozilla.org': Reading manifest: Invalid extension permission: resource://pdf.js/
1588087371012	addons.webextension.screenshots@mozilla.org	WARN	Loading extension 'screenshots@mozilla.org': Reading manifest: Invalid extension permission: about:reader*
Sandbox: seccomp sandbox violation: pid 32121, tid 32121, syscall 315, args 32121 140346929641920 56 0 24 140346929641920.

(/usr/lib/firefox-esr/firefox-esr:32121): Gtk-WARNING **: 11:22:51.601: Theme parsing error: gtk.css:2794:15: Not using units is deprecated. Assuming 'px'.
Sandbox: seccomp sandbox violation: pid 32145, tid 32145, syscall 315, args 32145 140211530290240 56 0 46 140211530290240.

(/usr/lib/firefox-esr/firefox-esr:32145): Gtk-WARNING **: 11:22:51.731: Theme parsing error: gtk.css:2794:15: Not using units is deprecated. Assuming 'px'.
JavaScript error: undefined, line 14: Error: An unexpected error occurred
JavaScript error: moz-extension://687ab667-f635-4b97-90bf-f9cbdea2e74d/lib/picture_in_picture_overrides.js, line 15: Error: Incorrect argument types for pictureInPictureParent.setOverrides.
JavaScript error: resource:///modules/sessionstore/SessionStore.jsm, line 1325: uncaught exception: 2147746065
1588087373437	Marionette	INFO	Listening on port 42673
1588087373536	Marionette	WARN	TLS certificate errors will be ignored for this session
Exiting due to channel error.
Exiting due to channel error.
Exiting due to channel error.
1588087501001	mozrunner::runner	INFO	Running command: "/usr/bin/firefox" "-marionette" "-foreground" "-no-remote" "-profile" "/tmp/rust_mozprofileFipIS8"

(firefox-esr:32283): Gtk-WARNING **: 11:25:01.078: Theme parsing error: gtk.css:2794:15: Not using units is deprecated. Assuming 'px'.
1588087501660	addons.webextension.screenshots@mozilla.org	WARN	Loading extension 'screenshots@mozilla.org': Reading manifest: Invalid extension permission: mozillaAddons
1588087501661	addons.webextension.screenshots@mozilla.org	WARN	Loading extension 'screenshots@mozilla.org': Reading manifest: Invalid extension permission: telemetry
1588087501661	addons.webextension.screenshots@mozilla.org	WARN	Loading extension 'screenshots@mozilla.org': Reading manifest: Invalid extension permission: resource://pdf.js/
1588087501661	addons.webextension.screenshots@mozilla.org	WARN	Loading extension 'screenshots@mozilla.org': Reading manifest: Invalid extension permission: about:reader*
Sandbox: seccomp sandbox violation: pid 32345, tid 32345, syscall 315, args 32345 140089565336192 56 0 52 140089565336192.

(/usr/lib/firefox-esr/firefox-esr:32345): Gtk-WARNING **: 11:25:02.247: Theme parsing error: gtk.css:2794:15: Not using units is deprecated. Assuming 'px'.
Sandbox: seccomp sandbox violation: pid 32369, tid 32369, syscall 315, args 32369 139653341963200 56 0 48 139653341963200.

(/usr/lib/firefox-esr/firefox-esr:32369): Gtk-WARNING **: 11:25:02.384: Theme parsing error: gtk.css:2794:15: Not using units is deprecated. Assuming 'px'.
JavaScript error: undefined, line 14: Error: An unexpected error occurred
JavaScript error: moz-extension://c5f26b62-6341-4792-9613-8bb5c39adf99/lib/picture_in_picture_overrides.js, line 15: Error: Incorrect argument types for pictureInPictureParent.setOverrides.
JavaScript error: resource:///modules/sessionstore/SessionStore.jsm, line 1325: uncaught exception: 2147746065
1588087504048	Marionette	INFO	Listening on port 33767
1588087504111	Marionette	WARN	TLS certificate errors will be ignored for this session
Exiting due to channel error.
Exiting due to channel error.
Exiting due to channel error.
1588088917855	mozrunner::runner	INFO	Running command: "/usr/bin/firefox" "-marionette" "-foreground" "-no-remote" "-profile" "/tmp/rust_mozprofileSUAenk"

(firefox-esr:32697): Gtk-WARNING **: 11:48:37.948: Theme parsing error: gtk.css:2794:15: Not using units is deprecated. Assuming 'px'.
1588088918579	addons.webextension.screenshots@mozilla.org	WARN	Loading extension 'screenshots@mozilla.org': Reading manifest: Invalid extension permission: mozillaAddons
1588088918580	addons.webextension.screenshots@mozilla.org	WARN	Loading extension 'screenshots@mozilla.org': Reading manifest: Invalid extension permission: telemetry
1588088918580	addons.webextension.screenshots@mozilla.org	WARN	Loading extension 'screenshots@mozilla.org': Reading manifest: Invalid extension permission: resource://pdf.js/
1588088918580	addons.webextension.screenshots@mozilla.org	WARN	Loading extension 'screenshots@mozilla.org': Reading manifest: Invalid extension permission: about:reader*
Sandbox: seccomp sandbox violation: pid 32760, tid 32760, syscall 315, args 32760 140398191385024 56 0 24 140398191385024.

(/usr/lib/firefox-esr/firefox-esr:32760): Gtk-WARNING **: 11:48:39.168: Theme parsing error: gtk.css:2794:15: Not using units is deprecated. Assuming 'px'.
Sandbox: seccomp sandbox violation: pid 32784, tid 32784, syscall 315, args 32784 139782473845184 56 0 24 139782473845184.

(/usr/lib/firefox-esr/firefox-esr:32784): Gtk-WARNING **: 11:48:39.290: Theme parsing error: gtk.css:2794:15: Not using units is deprecated. Assuming 'px'.
JavaScript error: undefined, line 14: Error: An unexpected error occurred
JavaScript error: moz-extension://56326474-0380-4b21-88e9-c0aa4387b17d/lib/picture_in_picture_overrides.js, line 15: Error: Incorrect argument types for pictureInPictureParent.setOverrides.
JavaScript error: resource:///modules/sessionstore/SessionStore.jsm, line 1325: uncaught exception: 2147746065
1588088920921	Marionette	INFO	Listening on port 44521
1588088920964	Marionette	WARN	TLS certificate errors will be ignored for this session
[GFX1-]: Receive IPC close with reason=AbnormalShutdown
[Child 32834, Chrome_ChildThread] WARNING: pipe error (3): Connection reset by peer: file /build/firefox-esr-SNKf5O/firefox-esr-68.7.0esr/ipc/chromium/src/chrome/common/ipc_channel_posix.cc, line 358
Exiting due to channel error.
[Child 32784, Chrome_ChildThread] WARNING: pipe error (3): Connection reset by peer: file /build/firefox-esr-SNKf5O/firefox-esr-68.7.0esr/ipc/chromium/src/chrome/common/ipc_channel_posix.cc, line 358
Exiting due to channel error.
Exiting due to channel error.
1588089185084	mozrunner::runner	INFO	Running command: "/usr/bin/firefox" "-marionette" "-foreground" "-no-remote" "-profile" "/tmp/rust_mozprofiletyqgiB"

(firefox-esr:32948): Gtk-WARNING **: 11:53:05.160: Theme parsing error: gtk.css:2794:15: Not using units is deprecated. Assuming 'px'.
1588089185767	addons.webextension.screenshots@mozilla.org	WARN	Loading extension 'screenshots@mozilla.org': Reading manifest: Invalid extension permission: mozillaAddons
1588089185767	addons.webextension.screenshots@mozilla.org	WARN	Loading extension 'screenshots@mozilla.org': Reading manifest: Invalid extension permission: telemetry
1588089185768	addons.webextension.screenshots@mozilla.org	WARN	Loading extension 'screenshots@mozilla.org': Reading manifest: Invalid extension permission: resource://pdf.js/
1588089185768	addons.webextension.screenshots@mozilla.org	WARN	Loading extension 'screenshots@mozilla.org': Reading manifest: Invalid extension permission: about:reader*
Sandbox: seccomp sandbox violation: pid 33010, tid 33010, syscall 315, args 33010 140021643821696 56 0 52 140021643821696.

(/usr/lib/firefox-esr/firefox-esr:33010): Gtk-WARNING **: 11:53:06.363: Theme parsing error: gtk.css:2794:15: Not using units is deprecated. Assuming 'px'.
Sandbox: seccomp sandbox violation: pid 33034, tid 33034, syscall 315, args 33034 139782950184128 56 0 44 139782950184128.

(/usr/lib/firefox-esr/firefox-esr:33034): Gtk-WARNING **: 11:53:06.489: Theme parsing error: gtk.css:2794:15: Not using units is deprecated. Assuming 'px'.
JavaScript error: undefined, line 14: Error: An unexpected error occurred
JavaScript error: moz-extension://e039cea6-f72b-4888-be5d-0fd87dabcb64/lib/picture_in_picture_overrides.js, line 15: Error: Incorrect argument types for pictureInPictureParent.setOverrides.
JavaScript error: resource:///modules/sessionstore/SessionStore.jsm, line 1325: uncaught exception: 2147746065
1588089188065	Marionette	INFO	Listening on port 41787
1588089188107	Marionette	WARN	TLS certificate errors will be ignored for this session
1588089259650	Marionette	INFO	Stopped listening on port 41787
1588089516799	mozrunner::runner	INFO	Running command: "/usr/bin/firefox" "-marionette" "-foreground" "-no-remote" "-profile" "/tmp/rust_mozprofilem0rgOh"

(firefox-esr:33217): Gtk-WARNING **: 11:58:36.875: Theme parsing error: gtk.css:2794:15: Not using units is deprecated. Assuming 'px'.
1588089517458	addons.webextension.screenshots@mozilla.org	WARN	Loading extension 'screenshots@mozilla.org': Reading manifest: Invalid extension permission: mozillaAddons
1588089517459	addons.webextension.screenshots@mozilla.org	WARN	Loading extension 'screenshots@mozilla.org': Reading manifest: Invalid extension permission: telemetry
1588089517459	addons.webextension.screenshots@mozilla.org	WARN	Loading extension 'screenshots@mozilla.org': Reading manifest: Invalid extension permission: resource://pdf.js/
1588089517459	addons.webextension.screenshots@mozilla.org	WARN	Loading extension 'screenshots@mozilla.org': Reading manifest: Invalid extension permission: about:reader*
Sandbox: seccomp sandbox violation: pid 33275, tid 33275, syscall 315, args 33275 140056368195136 56 0 38 140056368195136.

(/usr/lib/firefox-esr/firefox-esr:33275): Gtk-WARNING **: 11:58:38.038: Theme parsing error: gtk.css:2794:15: Not using units is deprecated. Assuming 'px'.
Sandbox: seccomp sandbox violation: pid 33299, tid 33299, syscall 315, args 33299 139954918590912 56 0 24 139954918590912.

(/usr/lib/firefox-esr/firefox-esr:33299): Gtk-WARNING **: 11:58:38.171: Theme parsing error: gtk.css:2794:15: Not using units is deprecated. Assuming 'px'.
JavaScript error: undefined, line 14: Error: An unexpected error occurred
JavaScript error: moz-extension://235b4bfb-28fa-425d-9bc2-20b933719bd2/lib/picture_in_picture_overrides.js, line 15: Error: Incorrect argument types for pictureInPictureParent.setOverrides.
JavaScript error: resource:///modules/sessionstore/SessionStore.jsm, line 1325: uncaught exception: 2147746065
1588089519815	Marionette	INFO	Listening on port 42619
1588089519908	Marionette	WARN	TLS certificate errors will be ignored for this session
1588089570561	mozrunner::runner	INFO	Running command: "/usr/bin/firefox" "-marionette" "-foreground" "-no-remote" "-profile" "/tmp/rust_mozprofilemqElC9"

(firefox-esr:33417): Gtk-WARNING **: 11:59:30.636: Theme parsing error: gtk.css:2794:15: Not using units is deprecated. Assuming 'px'.
1588089571271	addons.webextension.screenshots@mozilla.org	WARN	Loading extension 'screenshots@mozilla.org': Reading manifest: Invalid extension permission: mozillaAddons
1588089571271	addons.webextension.screenshots@mozilla.org	WARN	Loading extension 'screenshots@mozilla.org': Reading manifest: Invalid extension permission: telemetry
1588089571271	addons.webextension.screenshots@mozilla.org	WARN	Loading extension 'screenshots@mozilla.org': Reading manifest: Invalid extension permission: resource://pdf.js/
1588089571271	addons.webextension.screenshots@mozilla.org	WARN	Loading extension 'screenshots@mozilla.org': Reading manifest: Invalid extension permission: about:reader*
Sandbox: seccomp sandbox violation: pid 33475, tid 33475, syscall 315, args 33475 140319391277696 56 0 52 140319391277696.

(/usr/lib/firefox-esr/firefox-esr:33475): Gtk-WARNING **: 11:59:31.855: Theme parsing error: gtk.css:2794:15: Not using units is deprecated. Assuming 'px'.
Sandbox: seccomp sandbox violation: pid 33499, tid 33499, syscall 315, args 33499 140361199716800 56 0 24 140361199716800.

(/usr/lib/firefox-esr/firefox-esr:33499): Gtk-WARNING **: 11:59:31.987: Theme parsing error: gtk.css:2794:15: Not using units is deprecated. Assuming 'px'.
JavaScript error: undefined, line 14: Error: An unexpected error occurred
JavaScript error: moz-extension://dbe36383-f726-44a6-9ecf-e43aa4055104/lib/picture_in_picture_overrides.js, line 15: Error: Incorrect argument types for pictureInPictureParent.setOverrides.
JavaScript error: resource:///modules/sessionstore/SessionStore.jsm, line 1325: uncaught exception: 2147746065
1588089573559	Marionette	INFO	Listening on port 36719
1588089573575	Marionette	WARN	TLS certificate errors will be ignored for this session
1588089694700	mozrunner::runner	INFO	Running command: "/usr/bin/firefox" "-marionette" "-foreground" "-no-remote" "-profile" "/tmp/rust_mozprofileA0W8Bd"

(firefox-esr:33637): Gtk-WARNING **: 12:01:34.780: Theme parsing error: gtk.css:2794:15: Not using units is deprecated. Assuming 'px'.
1588089695398	addons.webextension.screenshots@mozilla.org	WARN	Loading extension 'screenshots@mozilla.org': Reading manifest: Invalid extension permission: mozillaAddons
1588089695398	addons.webextension.screenshots@mozilla.org	WARN	Loading extension 'screenshots@mozilla.org': Reading manifest: Invalid extension permission: telemetry
1588089695398	addons.webextension.screenshots@mozilla.org	WARN	Loading extension 'screenshots@mozilla.org': Reading manifest: Invalid extension permission: resource://pdf.js/
1588089695398	addons.webextension.screenshots@mozilla.org	WARN	Loading extension 'screenshots@mozilla.org': Reading manifest: Invalid extension permission: about:reader*
Sandbox: seccomp sandbox violation: pid 33694, tid 33694, syscall 315, args 33694 139714590474880 56 0 52 139714590474880.

(/usr/lib/firefox-esr/firefox-esr:33694): Gtk-WARNING **: 12:01:35.984: Theme parsing error: gtk.css:2794:15: Not using units is deprecated. Assuming 'px'.
Sandbox: seccomp sandbox violation: pid 33718, tid 33718, syscall 315, args 33718 139751156017152 56 0 28 139751156017152.

(/usr/lib/firefox-esr/firefox-esr:33718): Gtk-WARNING **: 12:01:36.115: Theme parsing error: gtk.css:2794:15: Not using units is deprecated. Assuming 'px'.
JavaScript error: undefined, line 14: Error: An unexpected error occurred
JavaScript error: moz-extension://1579eb0c-6a2d-4d6b-acc3-436852e0e7a9/lib/picture_in_picture_overrides.js, line 15: Error: Incorrect argument types for pictureInPictureParent.setOverrides.
JavaScript error: resource:///modules/sessionstore/SessionStore.jsm, line 1325: uncaught exception: 2147746065
1588089697731	Marionette	INFO	Listening on port 38659
1588089697809	Marionette	WARN	TLS certificate errors will be ignored for this session
1588089851712	mozrunner::runner	INFO	Running command: "/usr/bin/firefox" "-marionette" "-foreground" "-no-remote" "-profile" "/tmp/rust_mozprofile9ha88q"

(firefox-esr:33862): Gtk-WARNING **: 12:04:11.789: Theme parsing error: gtk.css:2794:15: Not using units is deprecated. Assuming 'px'.
1588089852393	addons.webextension.screenshots@mozilla.org	WARN	Loading extension 'screenshots@mozilla.org': Reading manifest: Invalid extension permission: mozillaAddons
1588089852393	addons.webextension.screenshots@mozilla.org	WARN	Loading extension 'screenshots@mozilla.org': Reading manifest: Invalid extension permission: telemetry
1588089852394	addons.webextension.screenshots@mozilla.org	WARN	Loading extension 'screenshots@mozilla.org': Reading manifest: Invalid extension permission: resource://pdf.js/
1588089852394	addons.webextension.screenshots@mozilla.org	WARN	Loading extension 'screenshots@mozilla.org': Reading manifest: Invalid extension permission: about:reader*
Sandbox: seccomp sandbox violation: pid 33921, tid 33921, syscall 315, args 33921 140603858305664 56 0 52 140603858305664.

(/usr/lib/firefox-esr/firefox-esr:33921): Gtk-WARNING **: 12:04:12.987: Theme parsing error: gtk.css:2794:15: Not using units is deprecated. Assuming 'px'.
Sandbox: seccomp sandbox violation: pid 33945, tid 33945, syscall 315, args 33945 139688303461440 56 0 46 139688303461440.

(/usr/lib/firefox-esr/firefox-esr:33945): Gtk-WARNING **: 12:04:13.110: Theme parsing error: gtk.css:2794:15: Not using units is deprecated. Assuming 'px'.
JavaScript error: undefined, line 14: Error: An unexpected error occurred
JavaScript error: moz-extension://a3036d25-eec1-4960-97d3-1b391b36b62a/lib/picture_in_picture_overrides.js, line 15: Error: Incorrect argument types for pictureInPictureParent.setOverrides.
JavaScript error: resource:///modules/sessionstore/SessionStore.jsm, line 1325: uncaught exception: 2147746065
1588089855349	Marionette	INFO	Listening on port 46311
1588089855423	Marionette	WARN	TLS certificate errors will be ignored for this session
1588089867815	Marionette	INFO	Stopped listening on port 46311
1588090008215	Marionette	INFO	Stopped listening on port 42619
1588090010793	Marionette	INFO	Stopped listening on port 36719
1588090012419	Marionette	INFO	Stopped listening on port 38659
1588090041902	mozrunner::runner	INFO	Running command: "/usr/bin/firefox" "-marionette" "-foreground" "-no-remote" "-profile" "/tmp/rust_mozprofiley9bgCY"

(firefox-esr:34180): Gtk-WARNING **: 12:07:21.976: Theme parsing error: gtk.css:2794:15: Not using units is deprecated. Assuming 'px'.
1588090042637	addons.webextension.screenshots@mozilla.org	WARN	Loading extension 'screenshots@mozilla.org': Reading manifest: Invalid extension permission: mozillaAddons
1588090042637	addons.webextension.screenshots@mozilla.org	WARN	Loading extension 'screenshots@mozilla.org': Reading manifest: Invalid extension permission: telemetry
1588090042637	addons.webextension.screenshots@mozilla.org	WARN	Loading extension 'screenshots@mozilla.org': Reading manifest: Invalid extension permission: resource://pdf.js/
1588090042637	addons.webextension.screenshots@mozilla.org	WARN	Loading extension 'screenshots@mozilla.org': Reading manifest: Invalid extension permission: about:reader*
Sandbox: seccomp sandbox violation: pid 34239, tid 34239, syscall 315, args 34239 139645473473152 56 0 52 139645473473152.

(/usr/lib/firefox-esr/firefox-esr:34239): Gtk-WARNING **: 12:07:23.302: Theme parsing error: gtk.css:2794:15: Not using units is deprecated. Assuming 'px'.
Sandbox: seccomp sandbox violation: pid 34263, tid 34263, syscall 315, args 34263 139685203870784 56 0 46 139685203870784.

(/usr/lib/firefox-esr/firefox-esr:34263): Gtk-WARNING **: 12:07:23.430: Theme parsing error: gtk.css:2794:15: Not using units is deprecated. Assuming 'px'.
JavaScript error: undefined, line 14: Error: An unexpected error occurred
JavaScript error: moz-extension://94f8569d-dec3-45f1-a6db-126d5c2e8fd0/lib/picture_in_picture_overrides.js, line 15: Error: Incorrect argument types for pictureInPictureParent.setOverrides.
JavaScript error: resource:///modules/sessionstore/SessionStore.jsm, line 1325: uncaught exception: 2147746065
1588090045046	Marionette	INFO	Listening on port 46561
1588090045112	Marionette	WARN	TLS certificate errors will be ignored for this session
1588090247453	mozrunner::runner	INFO	Running command: "/usr/bin/firefox" "-marionette" "-foreground" "-no-remote" "-profile" "/tmp/rust_mozprofileKhYAfS"

(firefox-esr:34399): Gtk-WARNING **: 12:10:47.530: Theme parsing error: gtk.css:2794:15: Not using units is deprecated. Assuming 'px'.
1588090248133	addons.webextension.screenshots@mozilla.org	WARN	Loading extension 'screenshots@mozilla.org': Reading manifest: Invalid extension permission: mozillaAddons
1588090248133	addons.webextension.screenshots@mozilla.org	WARN	Loading extension 'screenshots@mozilla.org': Reading manifest: Invalid extension permission: telemetry
1588090248133	addons.webextension.screenshots@mozilla.org	WARN	Loading extension 'screenshots@mozilla.org': Reading manifest: Invalid extension permission: resource://pdf.js/
1588090248133	addons.webextension.screenshots@mozilla.org	WARN	Loading extension 'screenshots@mozilla.org': Reading manifest: Invalid extension permission: about:reader*
Sandbox: seccomp sandbox violation: pid 34457, tid 34457, syscall 315, args 34457 140440067695232 56 0 52 140440067695232.

(/usr/lib/firefox-esr/firefox-esr:34457): Gtk-WARNING **: 12:10:48.733: Theme parsing error: gtk.css:2794:15: Not using units is deprecated. Assuming 'px'.
Sandbox: seccomp sandbox violation: pid 34481, tid 34481, syscall 315, args 34481 140655012817344 56 0 24 140655012817344.

(/usr/lib/firefox-esr/firefox-esr:34481): Gtk-WARNING **: 12:10:48.863: Theme parsing error: gtk.css:2794:15: Not using units is deprecated. Assuming 'px'.
JavaScript error: undefined, line 14: Error: An unexpected error occurred
JavaScript error: moz-extension://5194040c-85f8-4911-8ec4-b86e8ed16ee1/lib/picture_in_picture_overrides.js, line 15: Error: Incorrect argument types for pictureInPictureParent.setOverrides.
JavaScript error: resource:///modules/sessionstore/SessionStore.jsm, line 1325: uncaught exception: 2147746065
1588090250580	Marionette	INFO	Listening on port 43627
1588090250663	Marionette	WARN	TLS certificate errors will be ignored for this session
1588090348959	mozrunner::runner	INFO	Running command: "/usr/bin/firefox" "-marionette" "-foreground" "-no-remote" "-profile" "/tmp/rust_mozprofileCFQw57"

(firefox-esr:34641): Gtk-WARNING **: 12:12:29.036: Theme parsing error: gtk.css:2794:15: Not using units is deprecated. Assuming 'px'.
1588090349629	addons.webextension.screenshots@mozilla.org	WARN	Loading extension 'screenshots@mozilla.org': Reading manifest: Invalid extension permission: mozillaAddons
1588090349629	addons.webextension.screenshots@mozilla.org	WARN	Loading extension 'screenshots@mozilla.org': Reading manifest: Invalid extension permission: telemetry
1588090349629	addons.webextension.screenshots@mozilla.org	WARN	Loading extension 'screenshots@mozilla.org': Reading manifest: Invalid extension permission: resource://pdf.js/
1588090349629	addons.webextension.screenshots@mozilla.org	WARN	Loading extension 'screenshots@mozilla.org': Reading manifest: Invalid extension permission: about:reader*
Sandbox: seccomp sandbox violation: pid 34699, tid 34699, syscall 315, args 34699 140238315278976 56 0 52 140238315278976.

(/usr/lib/firefox-esr/firefox-esr:34699): Gtk-WARNING **: 12:12:30.223: Theme parsing error: gtk.css:2794:15: Not using units is deprecated. Assuming 'px'.
Sandbox: seccomp sandbox violation: pid 34723, tid 34723, syscall 315, args 34723 140530855363264 56 0 52 140530855363264.

(/usr/lib/firefox-esr/firefox-esr:34723): Gtk-WARNING **: 12:12:30.349: Theme parsing error: gtk.css:2794:15: Not using units is deprecated. Assuming 'px'.
JavaScript error: undefined, line 14: Error: An unexpected error occurred
JavaScript error: moz-extension://054c320f-3598-4ad4-bc63-b96017044556/lib/picture_in_picture_overrides.js, line 15: Error: Incorrect argument types for pictureInPictureParent.setOverrides.
JavaScript error: resource:///modules/sessionstore/SessionStore.jsm, line 1325: uncaught exception: 2147746065
1588090351970	Marionette	INFO	Listening on port 43741
1588090352070	Marionette	WARN	TLS certificate errors will be ignored for this session
Exiting due to channel error.
Exiting due to channel error.
Exiting due to channel error.
1588090527441	Marionette	INFO	Stopped listening on port 46561
1588090529271	Marionette	INFO	Stopped listening on port 43627
1588090778559	mozrunner::runner	INFO	Running command: "/usr/bin/firefox" "-marionette" "-foreground" "-no-remote" "-profile" "/tmp/rust_mozprofileOo7UpF"

(firefox-esr:34960): Gtk-WARNING **: 12:19:38.641: Theme parsing error: gtk.css:2794:15: Not using units is deprecated. Assuming 'px'.
1588090779260	addons.webextension.screenshots@mozilla.org	WARN	Loading extension 'screenshots@mozilla.org': Reading manifest: Invalid extension permission: mozillaAddons
1588090779260	addons.webextension.screenshots@mozilla.org	WARN	Loading extension 'screenshots@mozilla.org': Reading manifest: Invalid extension permission: telemetry
1588090779260	addons.webextension.screenshots@mozilla.org	WARN	Loading extension 'screenshots@mozilla.org': Reading manifest: Invalid extension permission: resource://pdf.js/
1588090779260	addons.webextension.screenshots@mozilla.org	WARN	Loading extension 'screenshots@mozilla.org': Reading manifest: Invalid extension permission: about:reader*
Sandbox: seccomp sandbox violation: pid 35019, tid 35019, syscall 315, args 35019 139818502255232 56 0 52 139818502255232.

(/usr/lib/firefox-esr/firefox-esr:35019): Gtk-WARNING **: 12:19:39.841: Theme parsing error: gtk.css:2794:15: Not using units is deprecated. Assuming 'px'.
Sandbox: seccomp sandbox violation: pid 35043, tid 35043, syscall 315, args 35043 140599942763584 56 0 46 140599942763584.

(/usr/lib/firefox-esr/firefox-esr:35043): Gtk-WARNING **: 12:19:39.968: Theme parsing error: gtk.css:2794:15: Not using units is deprecated. Assuming 'px'.
JavaScript error: undefined, line 14: Error: An unexpected error occurred
JavaScript error: moz-extension://b4cfa3ba-fd51-4b43-bfd1-4eff5c3323b0/lib/picture_in_picture_overrides.js, line 15: Error: Incorrect argument types for pictureInPictureParent.setOverrides.
JavaScript error: resource:///modules/sessionstore/SessionStore.jsm, line 1325: uncaught exception: 2147746065
1588090781704	Marionette	INFO	Listening on port 39961
1588090781769	Marionette	WARN	TLS certificate errors will be ignored for this session
1588090793471	Marionette	INFO	Stopped listening on port 39961
1588093526034	mozrunner::runner	INFO	Running command: "/usr/bin/firefox" "-marionette" "-foreground" "-no-remote" "-profile" "/tmp/rust_mozprofileGvSOt2"

(firefox-esr:35955): Gtk-WARNING **: 13:05:26.112: Theme parsing error: gtk.css:2794:15: Not using units is deprecated. Assuming 'px'.
1588093526741	addons.webextension.screenshots@mozilla.org	WARN	Loading extension 'screenshots@mozilla.org': Reading manifest: Invalid extension permission: mozillaAddons
1588093526742	addons.webextension.screenshots@mozilla.org	WARN	Loading extension 'screenshots@mozilla.org': Reading manifest: Invalid extension permission: telemetry
1588093526742	addons.webextension.screenshots@mozilla.org	WARN	Loading extension 'screenshots@mozilla.org': Reading manifest: Invalid extension permission: resource://pdf.js/
1588093526742	addons.webextension.screenshots@mozilla.org	WARN	Loading extension 'screenshots@mozilla.org': Reading manifest: Invalid extension permission: about:reader*
Sandbox: seccomp sandbox violation: pid 36011, tid 36011, syscall 315, args 36011 140256450400896 56 0 52 140256450400896.

(/usr/lib/firefox-esr/firefox-esr:36011): Gtk-WARNING **: 13:05:27.357: Theme parsing error: gtk.css:2794:15: Not using units is deprecated. Assuming 'px'.
Sandbox: seccomp sandbox violation: pid 36035, tid 36035, syscall 315, args 36035 140531376245184 56 0 24 140531376245184.

(/usr/lib/firefox-esr/firefox-esr:36035): Gtk-WARNING **: 13:05:27.489: Theme parsing error: gtk.css:2794:15: Not using units is deprecated. Assuming 'px'.
JavaScript error: undefined, line 14: Error: An unexpected error occurred
JavaScript error: moz-extension://a3bb1788-b35a-45eb-b6c7-5e5d5f2be130/lib/picture_in_picture_overrides.js, line 15: Error: Incorrect argument types for pictureInPictureParent.setOverrides.
JavaScript error: resource:///modules/sessionstore/SessionStore.jsm, line 1325: uncaught exception: 2147746065
1588093529191	Marionette	INFO	Listening on port 33371
1588093529243	Marionette	WARN	TLS certificate errors will be ignored for this session

###!!! [Child][RunMessage] Error: Channel closing: too late to send/recv, messages will be lost


###!!! [Child][RunMessage] Error: Channel closing: too late to send/recv, messages will be lost


###!!! [Child][RunMessage] Error: Channel closing: too late to send/recv, messages will be lost

1588093534338	Marionette	INFO	Stopped listening on port 33371
